<?xml version="1.0" encoding="UTF-8"?>
<!-- Generated by org.testng.reporters.JUnitXMLReporter -->
<testsuite ignored="0" hostname="GWSRM13" failures="0" tests="2" name="CloudBees Core Product Functionality Testing - Test 1" time="61.734" errors="0" timestamp="2025-05-25T14:33:12 IST">
  <testcase classname="cloudBees.tests.TestCase1" name="testCloudBeesAssesment" time="10.505"/>
  <testcase classname="cloudBees.tests.TestCase2_GIT" name="updateFileInGitRepo" time="8.319"/>
</testsuite> <!-- CloudBees Core Product Functionality Testing - Test 1 -->
