<?xml version="1.0" encoding="UTF-8"?>
<testng-results ignored="0" total="2" passed="2" failed="0" skipped="0">
  <reporter-output>
  </reporter-output>
  <suite started-at="2025-05-25T14:32:11 IST" name="Suite" finished-at="2025-05-25T14:33:12 IST" duration-ms="61734">
    <groups>
    </groups>
    <test started-at="2025-05-25T14:32:11 IST" name="CloudBees Core Product Functionality Testing - Test 1" finished-at="2025-05-25T14:33:12 IST" duration-ms="61734">
      <class name="cloudBees.tests.TestCase1">
        <test-method is-config="true" signature="initialize()[pri:0, instance:cloudBees.tests.TestCase1@402f80f5]" started-at="2025-05-25T14:32:11 IST" name="initialize" finished-at="2025-05-25T14:32:19 IST" duration-ms="8374" status="PASS">
          <reporter-output>
          </reporter-output>
        </test-method> <!-- initialize -->
        <test-method signature="testCloudBeesAssesment()[pri:0, instance:cloudBees.tests.TestCase1@402f80f5]" started-at="2025-05-25T14:32:19 IST" name="testCloudBeesAssesment" finished-at="2025-05-25T14:32:30 IST" duration-ms="10505" status="PASS">
          <reporter-output>
          </reporter-output>
        </test-method> <!-- testCloudBeesAssesment -->
        <test-method is-config="true" signature="teardown()[pri:0, instance:cloudBees.tests.TestCase1@402f80f5]" started-at="2025-05-25T14:32:30 IST" name="teardown" finished-at="2025-05-25T14:32:31 IST" duration-ms="854" status="PASS">
          <reporter-output>
          </reporter-output>
        </test-method> <!-- teardown -->
      </class> <!-- cloudBees.tests.TestCase1 -->
      <class name="cloudBees.tests.TestCase2_GIT">
        <test-method is-config="true" signature="beforeMethod()[pri:0, instance:cloudBees.tests.TestCase2_GIT@22db8f4]" started-at="2025-05-25T14:32:31 IST" name="beforeMethod" finished-at="2025-05-25T14:33:04 IST" duration-ms="33570" status="PASS">
          <reporter-output>
          </reporter-output>
        </test-method> <!-- beforeMethod -->
        <test-method signature="updateFileInGitRepo()[pri:0, instance:cloudBees.tests.TestCase2_GIT@22db8f4]" started-at="2025-05-25T14:33:04 IST" name="updateFileInGitRepo" finished-at="2025-05-25T14:33:12 IST" duration-ms="8319" status="PASS">
          <reporter-output>
          </reporter-output>
        </test-method> <!-- updateFileInGitRepo -->
        <test-method is-config="true" signature="afterMethod()[pri:0, instance:cloudBees.tests.TestCase2_GIT@22db8f4]" started-at="2025-05-25T14:33:12 IST" name="afterMethod" finished-at="2025-05-25T14:33:12 IST" duration-ms="1" status="PASS">
          <reporter-output>
          </reporter-output>
        </test-method> <!-- afterMethod -->
      </class> <!-- cloudBees.tests.TestCase2_GIT -->
    </test> <!-- CloudBees Core Product Functionality Testing - Test 1 -->
  </suite> <!-- Suite -->
</testng-results>
